# JRE version: Java(TM) SE Runtime Environment (8.0_102-b14) (build 1.8.0_102-b14)
# Java VM: Java HotSpot(TM) 64-Bit Server VM (25.102-b14 mixed mode windows-amd64 compressed oops)
Heap:
 PSYoungGen      total 154112K, used 26080K [0x00000000e0000000, 0x00000000eab00000, 0x0000000100000000)
  eden space 133120K, 19% used [0x00000000e0000000,0x00000000e19783f8,0x00000000e8200000)
  from space 20992K, 0% used [0x00000000e8200000,0x00000000e8200000,0x00000000e9680000)
  to   space 19968K, 0% used [0x00000000e9780000,0x00000000e9780000,0x00000000eab00000)
 ParOldGen       total 117248K, used 113757K [0x00000000a0000000, 0x00000000a7280000, 0x00000000e0000000)
  object space 117248K, 97% used [0x00000000a0000000,0x00000000a6f17770,0x00000000a7280000)
 Metaspace       used 63911K, capacity 65620K, committed 66944K, reserved 1107968K
  class space    used 8306K, capacity 8670K, committed 8832K, reserved 1048576K
GC Heap History (10 events):
Event: 377.539 GC heap after
Heap after GC invocations=45 (full 5):
 PSYoungGen      total 153088K, used 19954K [0x00000000e0000000, 0x00000000eab00000, 0x0000000100000000)
  eden space 133120K, 0% used [0x00000000e0000000,0x00000000e0000000,0x00000000e8200000)
  from space 19968K, 99% used [0x00000000e9780000,0x00000000eaafc8b8,0x00000000eab00000)
  to   space 20992K, 0% used [0x00000000e8200000,0x00000000e8200000,0x00000000e9680000)
 ParOldGen       total 117248K, used 83781K [0x00000000a0000000, 0x00000000a7280000, 0x00000000e0000000)
  object space 117248K, 71% used [0x00000000a0000000,0x00000000a51d14e0,0x00000000a7280000)
 Metaspace       used 63882K, capacity 65620K, committed 66944K, reserved 1107968K
  class space    used 8306K, capacity 8670K, committed 8832K, reserved 1048576K
}
Event: 378.316 GC heap before
{Heap before GC invocations=46 (full 5):
 PSYoungGen      total 153088K, used 153074K [0x00000000e0000000, 0x00000000eab00000, 0x0000000100000000)
  eden space 133120K, 100% used [0x00000000e0000000,0x00000000e8200000,0x00000000e8200000)
  from space 19968K, 99% used [0x00000000e9780000,0x00000000eaafc8b8,0x00000000eab00000)
  to   space 20992K, 0% used [0x00000000e8200000,0x00000000e8200000,0x00000000e9680000)
 ParOldGen       total 117248K, used 83781K [0x00000000a0000000, 0x00000000a7280000, 0x00000000e0000000)
  object space 117248K, 71% used [0x00000000a0000000,0x00000000a51d14e0,0x00000000a7280000)
 Metaspace       used 63887K, capacity 65620K, committed 66944K, reserved 1107968K
  class space    used 8306K, capacity 8670K, committed 8832K, reserved 1048576K
Event: 378.418 GC heap after
Heap after GC invocations=46 (full 5):
 PSYoungGen      total 154112K, used 20070K [0x00000000e0000000, 0x00000000eab00000, 0x0000000100000000)
  eden space 133120K, 0% used [0x00000000e0000000,0x00000000e0000000,0x00000000e8200000)
  from space 20992K, 95% used [0x00000000e8200000,0x00000000e9599868,0x00000000e9680000)
  to   space 19968K, 0% used [0x00000000e9780000,0x00000000e9780000,0x00000000eab00000)
 ParOldGen       total 117248K, used 99585K [0x00000000a0000000, 0x00000000a7280000, 0x00000000e0000000)
  object space 117248K, 84% used [0x00000000a0000000,0x00000000a61407a0,0x00000000a7280000)
 Metaspace       used 63887K, capacity 65620K, committed 66944K, reserved 1107968K
  class space    used 8306K, capacity 8670K, committed 8832K, reserved 1048576K
}
Event: 378.418 GC heap before
{Heap before GC invocations=47 (full 6):
 PSYoungGen      total 154112K, used 20070K [0x00000000e0000000, 0x00000000eab00000, 0x0000000100000000)
  eden space 133120K, 0% used [0x00000000e0000000,0x00000000e0000000,0x00000000e8200000)
  from space 20992K, 95% used [0x00000000e8200000,0x00000000e9599868,0x00000000e9680000)
  to   space 19968K, 0% used [0x00000000e9780000,0x00000000e9780000,0x00000000eab00000)
 ParOldGen       total 117248K, used 99585K [0x00000000a0000000, 0x00000000a7280000, 0x00000000e0000000)
  object space 117248K, 84% used [0x00000000a0000000,0x00000000a61407a0,0x00000000a7280000)
 Metaspace       used 63887K, capacity 65620K, committed 66944K, reserved 1107968K
  class space    used 8306K, capacity 8670K, committed 8832K, reserved 1048576K
Event: 379.008 GC heap after
Heap after GC invocations=47 (full 6):
 PSYoungGen      total 154112K, used 0K [0x00000000e0000000, 0x00000000eab00000, 0x0000000100000000)
  eden space 133120K, 0% used [0x00000000e0000000,0x00000000e0000000,0x00000000e8200000)
  from space 20992K, 0% used [0x00000000e8200000,0x00000000e8200000,0x00000000e9680000)
  to   space 19968K, 0% used [0x00000000e9780000,0x00000000e9780000,0x00000000eab00000)
 ParOldGen       total 117248K, used 86297K [0x00000000a0000000, 0x00000000a7280000, 0x00000000e0000000)
  object space 117248K, 73% used [0x00000000a0000000,0x00000000a5446598,0x00000000a7280000)
 Metaspace       used 63887K, capacity 65620K, committed 66944K, reserved 1107968K
  class space    used 8306K, capacity 8670K, committed 8832K, reserved 1048576K
}
Event: 379.816 GC heap before
{Heap before GC invocations=48 (full 6):
 PSYoungGen      total 154112K, used 133120K [0x00000000e0000000, 0x00000000eab00000, 0x0000000100000000)
  eden space 133120K, 100% used [0x00000000e0000000,0x00000000e8200000,0x00000000e8200000)
  from space 20992K, 0% used [0x00000000e8200000,0x00000000e8200000,0x00000000e9680000)
  to   space 19968K, 0% used [0x00000000e9780000,0x00000000e9780000,0x00000000eab00000)
 ParOldGen       total 117248K, used 86297K [0x00000000a0000000, 0x00000000a7280000, 0x00000000e0000000)
  object space 117248K, 73% used [0x00000000a0000000,0x00000000a5446598,0x00000000a7280000)
 Metaspace       used 63893K, capacity 65620K, committed 66944K, reserved 1107968K
  class space    used 8306K, capacity 8670K, committed 8832K, reserved 1048576K
Event: 379.853 GC heap after
Heap after GC invocations=48 (full 6):
 PSYoungGen      total 153088K, used 19966K [0x00000000e0000000, 0x00000000eab00000, 0x0000000100000000)
  eden space 133120K, 0% used [0x00000000e0000000,0x00000000e0000000,0x00000000e8200000)
  from space 19968K, 99% used [0x00000000e9780000,0x00000000eaaffa28,0x00000000eab00000)
  to   space 20992K, 0% used [0x00000000e8200000,0x00000000e8200000,0x00000000e9680000)
 ParOldGen       total 117248K, used 88718K [0x00000000a0000000, 0x00000000a7280000, 0x00000000e0000000)
  object space 117248K, 75% used [0x00000000a0000000,0x00000000a56a3a28,0x00000000a7280000)
 Metaspace       used 63893K, capacity 65620K, committed 66944K, reserved 1107968K
  class space    used 8306K, capacity 8670K, committed 8832K, reserved 1048576K
}
Event: 380.499 GC heap before
{Heap before GC invocations=49 (full 6):
 PSYoungGen      total 153088K, used 153086K [0x00000000e0000000, 0x00000000eab00000, 0x0000000100000000)
  eden space 133120K, 100% used [0x00000000e0000000,0x00000000e8200000,0x00000000e8200000)
  from space 19968K, 99% used [0x00000000e9780000,0x00000000eaaffa28,0x00000000eab00000)
  to   space 20992K, 0% used [0x00000000e8200000,0x00000000e8200000,0x00000000e9680000)
 ParOldGen       total 117248K, used 88718K [0x00000000a0000000, 0x00000000a7280000, 0x00000000e0000000)
  object space 117248K, 75% used [0x00000000a0000000,0x00000000a56a3a28,0x00000000a7280000)
 Metaspace       used 63901K, capacity 65620K, committed 66944K, reserved 1107968K
  class space    used 8306K, capacity 8670K, committed 8832K, reserved 1048576K
Event: 380.581 GC heap after
Heap after GC invocations=49 (full 6):
 PSYoungGen      total 154112K, used 20960K [0x00000000e0000000, 0x00000000eab00000, 0x0000000100000000)
  eden space 133120K, 0% used [0x00000000e0000000,0x00000000e0000000,0x00000000e8200000)
  from space 20992K, 99% used [0x00000000e8200000,0x00000000e9678078,0x00000000e9680000)
  to   space 19968K, 0% used [0x00000000e9780000,0x00000000e9780000,0x00000000eab00000)
 ParOldGen       total 117248K, used 104721K [0x00000000a0000000, 0x00000000a7280000, 0x00000000e0000000)
  object space 117248K, 89% used [0x00000000a0000000,0x00000000a6644580,0x00000000a7280000)
 Metaspace       used 63901K, capacity 65620K, committed 66944K, reserved 1107968K
  class space    used 8306K, capacity 8670K, committed 8832K, reserved 1048576K
}
Event: 380.581 GC heap before
{Heap before GC invocations=50 (full 7):
 PSYoungGen      total 154112K, used 20960K [0x00000000e0000000, 0x00000000eab00000, 0x0000000100000000)
  eden space 133120K, 0% used [0x00000000e0000000,0x00000000e0000000,0x00000000e8200000)
  from space 20992K, 99% used [0x00000000e8200000,0x00000000e9678078,0x00000000e9680000)
  to   space 19968K, 0% used [0x00000000e9780000,0x00000000e9780000,0x00000000eab00000)
 ParOldGen       total 117248K, used 104721K [0x00000000a0000000, 0x00000000a7280000, 0x00000000e0000000)
  object space 117248K, 89% used [0x00000000a0000000,0x00000000a6644580,0x00000000a7280000)
 Metaspace       used 63901K, capacity 65620K, committed 66944K, reserved 1107968K
  class space    used 8306K, capacity 8670K, committed 8832K, reserved 1048576K

